This file contains any messages produced by compilers while
running configure, to aid debugging if configure makes a mistake.

It was created by Iperf configure 2.0.5, which was
generated by GNU Autoconf 2.65.  Invocation command line was

  $ ./configure --host=aarch64-linux-android

## --------- ##
## Platform. ##
## --------- ##

hostname = root1-ThinkPad-T440p
uname -m = x86_64
uname -r = 4.4.0-103-generic
uname -s = Linux
uname -v = #126-Ubuntu SMP Mon Dec 4 16:23:28 UTC 2017

/usr/bin/uname -p = unknown
/bin/uname -X     = unknown

/bin/arch              = unknown
/usr/bin/arch -k       = unknown
/usr/convex/getsysinfo = unknown
/usr/bin/hostinfo      = unknown
/bin/machine           = unknown
/usr/bin/oslevel       = unknown
/bin/universe          = unknown

PATH: /usr/local/sbin
PATH: /usr/local/bin
PATH: /usr/sbin
PATH: /usr/bin
PATH: /sbin
PATH: /bin
PATH: /usr/games
PATH: /usr/local/games


## ----------- ##
## Core tests. ##
## ----------- ##

configure:2486: checking for a BSD-compatible install
configure:2554: result: /usr/bin/install -c
configure:2565: checking whether build environment is sane
configure:2602: result: yes
configure:2664: checking for gawk
configure:2694: result: no
configure:2664: checking for mawk
configure:2680: found /usr/bin/mawk
configure:2691: result: mawk
configure:2702: checking whether make sets $(MAKE)
configure:2724: result: yes
configure:2798: checking for aarch64-linux-android-strip
configure:2828: result: no
configure:2838: checking for strip
configure:2854: found /usr/bin/strip
configure:2865: result: strip
configure:3084: checking for C++ compiler version
configure:3093: /home/root1/anmol/aarch64-linux-android/bin/aarch64-linux-android-g++ --version >&5
aarch64-linux-android-g++ (GCC) 4.9.x 20150123 (prerelease)
Copyright (C) 2014 Free Software Foundation, Inc.
This is free software; see the source for copying conditions.  There is NO
warranty; not even for MERCHANTABILITY or FITNESS FOR A PARTICULAR PURPOSE.

configure:3104: $? = 0
configure:3093: /home/root1/anmol/aarch64-linux-android/bin/aarch64-linux-android-g++ -v >&5
Using built-in specs.
COLLECT_GCC=/home/root1/anmol/aarch64-linux-android/bin/aarch64-linux-android-g++
COLLECT_LTO_WRAPPER=/home/root1/anmol/aarch64-linux-android/bin/../libexec/gcc/aarch64-linux-android/4.9.x/lto-wrapper
Target: aarch64-linux-android
Configured with: /usr/local/google/buildbot/src/android/gcc/toolchain/build/../gcc/gcc-4.9/configure --prefix=/tmp/8ee0b8157b3409c4b84fff35696d6c90 --target=aarch64-linux-android --host=x86_64-linux-gnu --build=x86_64-linux-gnu --with-gnu-as --with-gnu-ld --enable-languages=c,c++ --with-gmp=/buildbot/tmp/build/toolchain/temp-install --with-mpfr=/buildbot/tmp/build/toolchain/temp-install --with-mpc=/buildbot/tmp/build/toolchain/temp-install --with-cloog=/buildbot/tmp/build/toolchain/temp-install --with-isl=/buildbot/tmp/build/toolchain/temp-install --with-ppl=/buildbot/tmp/build/toolchain/temp-install --disable-ppl-version-check --disable-cloog-version-check --disable-isl-version-check --enable-cloog-backend=isl --with-host-libstdcxx='-static-libgcc -Wl,-Bstatic,-lstdc++,-Bdynamic -lm' --disable-libssp --enable-threads --disable-nls --disable-libmudflap --disable-libgomp --disable-libstdc__-v3 --disable-sjlj-exceptions --disable-shared --disable-tls --disable-libitm --enable-bionic-libs --enable-libatomic-ifuncs=no --enable-initfini-array --disable-nls --prefix=/tmp/8ee0b8157b3409c4b84fff35696d6c90 --with-sysroot=/tmp/8ee0b8157b3409c4b84fff35696d6c90/sysroot --with-binutils-version=2.25 --with-mpfr-version=3.1.1 --with-mpc-version=1.0.1 --with-gmp-version=5.0.5 --with-gcc-version=4.9 --with-gdb-version=none --with-gxx-include-dir=/tmp/8ee0b8157b3409c4b84fff35696d6c90/include/c++/4.9.x --with-bugurl=http://source.android.com/source/report-bugs.html --enable-languages=c,c++ --disable-bootstrap --enable-plugins --enable-libgomp --enable-gnu-indirect-function --disable-libsanitizer --enable-gold --enable-ld=default --enable-threads --enable-eh-frame-hdr-for-static --enable-fix-cortex-a53-835769 --enable-graphite=yes --with-isl-version=0.11.1 --with-cloog-version=0.18.0 --program-transform-name='s&^&aarch64-linux-android-&' --enable-gold
Thread model: posix
gcc version 4.9.x 20150123 (prerelease) (GCC) 
configure:3104: $? = 0
configure:3093: /home/root1/anmol/aarch64-linux-android/bin/aarch64-linux-android-g++ -V >&5
aarch64-linux-android-g++: error: unrecognized command line option '-V'
aarch64-linux-android-g++: fatal error: no input files
compilation terminated.
configure:3104: $? = 1
configure:3093: /home/root1/anmol/aarch64-linux-android/bin/aarch64-linux-android-g++ -qversion >&5
aarch64-linux-android-g++: error: unrecognized command line option '-qversion'
aarch64-linux-android-g++: fatal error: no input files
compilation terminated.
configure:3104: $? = 1
configure:3124: checking whether the C++ compiler works
configure:3146: /home/root1/anmol/aarch64-linux-android/bin/aarch64-linux-android-g++    conftest.cpp  >&5
configure:3150: $? = 0
configure:3199: result: yes
configure:3202: checking for C++ compiler default output file name
configure:3204: result: a.out
configure:3210: checking for suffix of executables
configure:3217: /home/root1/anmol/aarch64-linux-android/bin/aarch64-linux-android-g++ -o conftest    conftest.cpp  >&5
configure:3221: $? = 0
configure:3243: result: 
configure:3265: checking whether we are cross compiling
configure:3273: /home/root1/anmol/aarch64-linux-android/bin/aarch64-linux-android-g++ -o conftest    conftest.cpp  >&5
configure:3277: $? = 0
configure:3284: ./conftest
./configure: line 3286: ./conftest: cannot execute binary file: Exec format error
configure:3288: $? = 126
configure:3303: result: yes
configure:3308: checking for suffix of object files
configure:3330: /home/root1/anmol/aarch64-linux-android/bin/aarch64-linux-android-g++ -c   conftest.cpp >&5
configure:3334: $? = 0
configure:3355: result: o
configure:3359: checking whether we are using the GNU C++ compiler
configure:3378: /home/root1/anmol/aarch64-linux-android/bin/aarch64-linux-android-g++ -c   conftest.cpp >&5
configure:3378: $? = 0
configure:3387: result: yes
configure:3396: checking whether /home/root1/anmol/aarch64-linux-android/bin/aarch64-linux-android-g++ accepts -g
configure:3416: /home/root1/anmol/aarch64-linux-android/bin/aarch64-linux-android-g++ -c -g  conftest.cpp >&5
configure:3416: $? = 0
configure:3457: result: yes
configure:3491: checking for style of include used by make
configure:3519: result: GNU
configure:3547: checking dependency style of /home/root1/anmol/aarch64-linux-android/bin/aarch64-linux-android-g++
configure:3637: result: gcc3
configure:3663: checking for aarch64-linux-android-gcc
configure:3690: result: /home/root1/anmol/aarch64-linux-android/bin/aarch64-linux-android-gcc
configure:3959: checking for C compiler version
configure:3968: /home/root1/anmol/aarch64-linux-android/bin/aarch64-linux-android-gcc --version >&5
aarch64-linux-android-gcc (GCC) 4.9.x 20150123 (prerelease)
Copyright (C) 2014 Free Software Foundation, Inc.
This is free software; see the source for copying conditions.  There is NO
warranty; not even for MERCHANTABILITY or FITNESS FOR A PARTICULAR PURPOSE.

configure:3979: $? = 0
configure:3968: /home/root1/anmol/aarch64-linux-android/bin/aarch64-linux-android-gcc -v >&5
Using built-in specs.
COLLECT_GCC=/home/root1/anmol/aarch64-linux-android/bin/aarch64-linux-android-gcc
COLLECT_LTO_WRAPPER=/home/root1/anmol/aarch64-linux-android/bin/../libexec/gcc/aarch64-linux-android/4.9.x/lto-wrapper
Target: aarch64-linux-android
Configured with: /usr/local/google/buildbot/src/android/gcc/toolchain/build/../gcc/gcc-4.9/configure --prefix=/tmp/8ee0b8157b3409c4b84fff35696d6c90 --target=aarch64-linux-android --host=x86_64-linux-gnu --build=x86_64-linux-gnu --with-gnu-as --with-gnu-ld --enable-languages=c,c++ --with-gmp=/buildbot/tmp/build/toolchain/temp-install --with-mpfr=/buildbot/tmp/build/toolchain/temp-install --with-mpc=/buildbot/tmp/build/toolchain/temp-install --with-cloog=/buildbot/tmp/build/toolchain/temp-install --with-isl=/buildbot/tmp/build/toolchain/temp-install --with-ppl=/buildbot/tmp/build/toolchain/temp-install --disable-ppl-version-check --disable-cloog-version-check --disable-isl-version-check --enable-cloog-backend=isl --with-host-libstdcxx='-static-libgcc -Wl,-Bstatic,-lstdc++,-Bdynamic -lm' --disable-libssp --enable-threads --disable-nls --disable-libmudflap --disable-libgomp --disable-libstdc__-v3 --disable-sjlj-exceptions --disable-shared --disable-tls --disable-libitm --enable-bionic-libs --enable-libatomic-ifuncs=no --enable-initfini-array --disable-nls --prefix=/tmp/8ee0b8157b3409c4b84fff35696d6c90 --with-sysroot=/tmp/8ee0b8157b3409c4b84fff35696d6c90/sysroot --with-binutils-version=2.25 --with-mpfr-version=3.1.1 --with-mpc-version=1.0.1 --with-gmp-version=5.0.5 --with-gcc-version=4.9 --with-gdb-version=none --with-gxx-include-dir=/tmp/8ee0b8157b3409c4b84fff35696d6c90/include/c++/4.9.x --with-bugurl=http://source.android.com/source/report-bugs.html --enable-languages=c,c++ --disable-bootstrap --enable-plugins --enable-libgomp --enable-gnu-indirect-function --disable-libsanitizer --enable-gold --enable-ld=default --enable-threads --enable-eh-frame-hdr-for-static --enable-fix-cortex-a53-835769 --enable-graphite=yes --with-isl-version=0.11.1 --with-cloog-version=0.18.0 --program-transform-name='s&^&aarch64-linux-android-&' --enable-gold
Thread model: posix
gcc version 4.9.x 20150123 (prerelease) (GCC) 
configure:3979: $? = 0
configure:3968: /home/root1/anmol/aarch64-linux-android/bin/aarch64-linux-android-gcc -V >&5
aarch64-linux-android-gcc: error: unrecognized command line option '-V'
aarch64-linux-android-gcc: fatal error: no input files
compilation terminated.
configure:3979: $? = 1
configure:3968: /home/root1/anmol/aarch64-linux-android/bin/aarch64-linux-android-gcc -qversion >&5
aarch64-linux-android-gcc: error: unrecognized command line option '-qversion'
aarch64-linux-android-gcc: fatal error: no input files
compilation terminated.
configure:3979: $? = 1
configure:3983: checking whether we are using the GNU C compiler
configure:4002: /home/root1/anmol/aarch64-linux-android/bin/aarch64-linux-android-gcc -c   conftest.c >&5
configure:4002: $? = 0
configure:4011: result: yes
configure:4020: checking whether /home/root1/anmol/aarch64-linux-android/bin/aarch64-linux-android-gcc accepts -g
configure:4040: /home/root1/anmol/aarch64-linux-android/bin/aarch64-linux-android-gcc -c -g  conftest.c >&5
configure:4040: $? = 0
configure:4081: result: yes
configure:4098: checking for /home/root1/anmol/aarch64-linux-android/bin/aarch64-linux-android-gcc option to accept ISO C89
configure:4162: /home/root1/anmol/aarch64-linux-android/bin/aarch64-linux-android-gcc  -c -g -O2  conftest.c >&5
configure:4162: $? = 0
configure:4175: result: none needed
configure:4197: checking dependency style of /home/root1/anmol/aarch64-linux-android/bin/aarch64-linux-android-gcc
configure:4287: result: gcc3
configure:4306: checking for library containing strerror
configure:4337: /home/root1/anmol/aarch64-linux-android/bin/aarch64-linux-android-gcc -o conftest  -O2    conftest.c  >&5
configure:4337: $? = 0
configure:4354: result: none required
configure:4363: checking whether make sets $(MAKE)
configure:4385: result: yes
configure:4397: checking for aarch64-linux-android-ranlib
configure:4427: result: no
configure:4437: checking for ranlib
configure:4453: found /usr/bin/ranlib
configure:4464: result: ranlib
configure:4476: WARNING: using cross tools not prefixed with host triplet
configure:4496: checking build system type
configure:4510: result: x86_64-unknown-linux-gnu
configure:4530: checking host system type
configure:4539: error: /bin/bash ./config.sub aarch64-linux-android failed

## ---------------- ##
## Cache variables. ##
## ---------------- ##

ac_cv_build=x86_64-unknown-linux-gnu
ac_cv_c_compiler_gnu=yes
ac_cv_cxx_compiler_gnu=yes
ac_cv_env_CCC_set=
ac_cv_env_CCC_value=
ac_cv_env_CC_set=set
ac_cv_env_CC_value=/home/root1/anmol/aarch64-linux-android/bin/aarch64-linux-android-gcc
ac_cv_env_CFLAGS_set=
ac_cv_env_CFLAGS_value=
ac_cv_env_CPPFLAGS_set=
ac_cv_env_CPPFLAGS_value=
ac_cv_env_CPP_set=set
ac_cv_env_CPP_value=/home/root1/anmol/aarch64-linux-android/bin/aarch64-linux-android-cpp
ac_cv_env_CXXFLAGS_set=
ac_cv_env_CXXFLAGS_value=
ac_cv_env_CXX_set=set
ac_cv_env_CXX_value=/home/root1/anmol/aarch64-linux-android/bin/aarch64-linux-android-g++
ac_cv_env_LDFLAGS_set=
ac_cv_env_LDFLAGS_value=
ac_cv_env_LIBS_set=
ac_cv_env_LIBS_value=
ac_cv_env_build_alias_set=
ac_cv_env_build_alias_value=
ac_cv_env_host_alias_set=set
ac_cv_env_host_alias_value=aarch64-linux-android
ac_cv_env_target_alias_set=
ac_cv_env_target_alias_value=
ac_cv_host=
ac_cv_objext=o
ac_cv_path_install='/usr/bin/install -c'
ac_cv_prog_AWK=mawk
ac_cv_prog_CC=/home/root1/anmol/aarch64-linux-android/bin/aarch64-linux-android-gcc
ac_cv_prog_ac_ct_RANLIB=ranlib
ac_cv_prog_ac_ct_STRIP=strip
ac_cv_prog_cc_c89=
ac_cv_prog_cc_g=yes
ac_cv_prog_cxx_g=yes
ac_cv_prog_make_make_set=yes
ac_cv_search_strerror='none required'
am_cv_CC_dependencies_compiler_type=gcc3
am_cv_CXX_dependencies_compiler_type=gcc3

## ----------------- ##
## Output variables. ##
## ----------------- ##

ACLOCAL='${SHELL} /home/netmap/iperf2/iperf-2.0.5/missing --run aclocal-1.9'
AMDEPBACKSLASH='\'
AMDEP_FALSE='#'
AMDEP_TRUE=''
AMTAR='${SHELL} /home/netmap/iperf2/iperf-2.0.5/missing --run tar'
AUTOCONF='${SHELL} /home/netmap/iperf2/iperf-2.0.5/missing --run autoconf'
AUTOHEADER='${SHELL} /home/netmap/iperf2/iperf-2.0.5/missing --run autoheader'
AUTOMAKE='${SHELL} /home/netmap/iperf2/iperf-2.0.5/missing --run automake-1.9'
AWK='mawk'
CC='/home/root1/anmol/aarch64-linux-android/bin/aarch64-linux-android-gcc'
CCDEPMODE='depmode=gcc3'
CFLAGS=' -O2 '
CPP='/home/root1/anmol/aarch64-linux-android/bin/aarch64-linux-android-cpp'
CPPFLAGS=''
CXX='/home/root1/anmol/aarch64-linux-android/bin/aarch64-linux-android-g++'
CXXDEPMODE='depmode=gcc3'
CXXFLAGS=' -O2 '
CYGPATH_W='echo'
DEFS=''
DEPDIR='.deps'
ECHO_C=''
ECHO_N='-n'
ECHO_T=''
EGREP=''
EXEEXT=''
GREP=''
INSTALL_DATA='${INSTALL} -m 644'
INSTALL_PROGRAM='${INSTALL}'
INSTALL_SCRIPT='${INSTALL}'
INSTALL_STRIP_PROGRAM='${SHELL} $(install_sh) -c -s'
LDFLAGS=''
LIBOBJS=''
LIBS=''
LTLIBOBJS=''
MAKEINFO='${SHELL} /home/netmap/iperf2/iperf-2.0.5/missing --run makeinfo'
OBJEXT='o'
PACKAGE='iperf'
PACKAGE_BUGREPORT=''
PACKAGE_NAME='Iperf'
PACKAGE_STRING='Iperf 2.0.5'
PACKAGE_TARNAME='iperf'
PACKAGE_URL=''
PACKAGE_VERSION='2.0.5'
PATH_SEPARATOR=':'
PTHREAD_CC=''
PTHREAD_CFLAGS=''
PTHREAD_LIBS=''
RANLIB='ranlib'
SET_MAKE=''
SHELL='/bin/bash'
STRIP='strip'
STRIP_BEGIN=''
STRIP_DUMMY=''
STRIP_END=''
VERSION='2.0.5'
WEB100_CFLAGS=''
WEB100_CONFIG=''
WEB100_LIBS=''
ac_ct_CC=''
ac_ct_CXX=''
acx_pthread_config=''
am__fastdepCC_FALSE='#'
am__fastdepCC_TRUE=''
am__fastdepCXX_FALSE='#'
am__fastdepCXX_TRUE=''
am__include='include'
am__leading_dot='.'
am__quote=''
am__tar='${AMTAR} chof - "$$tardir"'
am__untar='${AMTAR} xf -'
bindir='${exec_prefix}/bin'
build='x86_64-unknown-linux-gnu'
build_alias=''
build_cpu='x86_64'
build_os='linux-gnu'
build_vendor='unknown'
datadir='${datarootdir}'
datarootdir='${prefix}/share'
docdir='${datarootdir}/doc/${PACKAGE_TARNAME}'
dvidir='${docdir}'
exec_prefix='NONE'
host='aarch64-linux-android'
host_alias='aarch64-linux-android'
host_cpu=''
host_os=''
host_vendor=''
htmldir='${docdir}'
includedir='${prefix}/include'
infodir='${datarootdir}/info'
install_sh='/home/netmap/iperf2/iperf-2.0.5/install-sh'
libdir='${exec_prefix}/lib'
libexecdir='${exec_prefix}/libexec'
localedir='${datarootdir}/locale'
localstatedir='${prefix}/var'
mandir='${datarootdir}/man'
mkdir_p='mkdir -p --'
oldincludedir='/usr/include'
pdfdir='${docdir}'
prefix='NONE'
program_transform_name='s,x,x,'
psdir='${docdir}'
sbindir='${exec_prefix}/sbin'
sharedstatedir='${prefix}/com'
sysconfdir='${prefix}/etc'
target_alias=''

## ----------- ##
## confdefs.h. ##
## ----------- ##

/* confdefs.h */
#define PACKAGE_NAME "Iperf"
#define PACKAGE_TARNAME "iperf"
#define PACKAGE_VERSION "2.0.5"
#define PACKAGE_STRING "Iperf 2.0.5"
#define PACKAGE_BUGREPORT ""
#define PACKAGE_URL ""
#define PACKAGE "iperf"
#define VERSION "2.0.5"

configure: exit 1
